Using pre-set license
Built from '2020.3/staging' branch; Version is '2020.3.30f1 (1fb1bf06830e) revision 2077119'; Using compiler version '192528614'; Build Type 'Release'
OS: 'Windows 11  (10.0.22000) 64bit Professional' Language: 'ko' Physical Memory: 8101 MB
BatchMode: 1, IsHumanControllingUs: 0, StartBugReporterOnCrash: 0, Is64bit: 1, IsPro: 0

COMMAND LINE ARGUMENTS:
E:\unity\2020.3.30f1\Editor\Unity.exe
-adb2
-batchMode
-noUpm
-name
AssetImportWorker0
-projectPath
C:/Users/user/foxtheforest
-logFile
Logs/AssetImportWorker0.log
-srvPort
64873
Successfully changed project path to: C:/Users/user/foxtheforest
C:/Users/user/foxtheforest
Using Asset Import Pipeline V2.
Refreshing native plugins compatible for Editor in 69.96 ms, found 3 plugins.
Preloading 0 native plugins for Editor in 0.00 ms.
Initialize engine version: 2020.3.30f1 (1fb1bf06830e)
[Subsystems] Discovering subsystems at path E:/unity/2020.3.30f1/Editor/Data/Resources/UnitySubsystems
[Subsystems] Discovering subsystems at path C:/Users/user/foxtheforest/Assets
GfxDevice: creating device client; threaded=0
Direct3D:
    Version:  Direct3D 11.0 [level 11.1]
    Renderer: NVIDIA GeForce GTX 1050 (ID=0x1c8d)
    Vendor:   
    VRAM:     4031 MB
    Driver:   23.21.13.8873
Initialize mono
Mono path[0] = 'E:/unity/2020.3.30f1/Editor/Data/Managed'
Mono path[1] = 'E:/unity/2020.3.30f1/Editor/Data/MonoBleedingEdge/lib/mono/unityjit'
Mono config path = 'E:/unity/2020.3.30f1/Editor/Data/MonoBleedingEdge/etc'
Using monoOptions --debugger-agent=transport=dt_socket,embedding=1,server=y,suspend=n,address=127.0.0.1:56576
Begin MonoManager ReloadAssembly
Registering precompiled unity dll's ...
Register platform support module: E:/unity/2020.3.30f1/Editor/Data/PlaybackEngines/WebGLSupport/UnityEditor.WebGL.Extensions.dll
Register platform support module: E:/unity/2020.3.30f1/Editor/Data/PlaybackEngines/WindowsStandaloneSupport/UnityEditor.WindowsStandalone.Extensions.dll
Registered in 0.001759 seconds.
Native extension for WindowsStandalone target not found
Native extension for WebGL target not found
Refreshing native plugins compatible for Editor in 113.39 ms, found 3 plugins.
Preloading 0 native plugins for Editor in 0.00 ms.
Mono: successfully reloaded assembly
- Completed reload, in  0.830 seconds
Domain Reload Profiling:
	ReloadAssembly (830ms)
		BeginReloadAssembly (82ms)
			ExecutionOrderSort (0ms)
			DisableScriptedObjects (0ms)
			BackupInstance (0ms)
			ReleaseScriptingObjects (0ms)
			CreateAndSetChildDomain (1ms)
		EndReloadAssembly (645ms)
			LoadAssemblies (81ms)
			RebuildTransferFunctionScriptingTraits (0ms)
			SetupTypeCache (190ms)
			ReleaseScriptCaches (0ms)
			RebuildScriptCaches (39ms)
			SetupLoadedEditorAssemblies (284ms)
				LogAssemblyErrors (0ms)
				InitializePlatformSupportModulesInManaged (6ms)
				SetLoadedEditorAssemblies (0ms)
				RefreshPlugins (113ms)
				BeforeProcessingInitializeOnLoad (10ms)
				ProcessInitializeOnLoadAttributes (107ms)
				ProcessInitializeOnLoadMethodAttributes (47ms)
				AfterProcessingInitializeOnLoad (0ms)
				EditorAssembliesLoaded (0ms)
			ExecutionOrderSort2 (0ms)
			AwakeInstancesAfterBackupRestoration (0ms)
Platform modules already initialized, skipping
Registering precompiled user dll's ...
Registered in 0.006031 seconds.
Begin MonoManager ReloadAssembly
Native extension for WindowsStandalone target not found
Native extension for WebGL target not found
Refreshing native plugins compatible for Editor in 67.94 ms, found 3 plugins.
Preloading 0 native plugins for Editor in 0.00 ms.
Mono: successfully reloaded assembly
- Completed reload, in  1.641 seconds
Domain Reload Profiling:
	ReloadAssembly (1643ms)
		BeginReloadAssembly (199ms)
			ExecutionOrderSort (0ms)
			DisableScriptedObjects (8ms)
			BackupInstance (0ms)
			ReleaseScriptingObjects (0ms)
			CreateAndSetChildDomain (23ms)
		EndReloadAssembly (1372ms)
			LoadAssemblies (144ms)
			RebuildTransferFunctionScriptingTraits (0ms)
			SetupTypeCache (414ms)
			ReleaseScriptCaches (1ms)
			RebuildScriptCaches (69ms)
			SetupLoadedEditorAssemblies (591ms)
				LogAssemblyErrors (0ms)
				InitializePlatformSupportModulesInManaged (5ms)
				SetLoadedEditorAssemblies (0ms)
				RefreshPlugins (68ms)
				BeforeProcessingInitializeOnLoad (80ms)
				ProcessInitializeOnLoadAttributes (389ms)
				ProcessInitializeOnLoadMethodAttributes (44ms)
				AfterProcessingInitializeOnLoad (5ms)
				EditorAssembliesLoaded (0ms)
			ExecutionOrderSort2 (0ms)
			AwakeInstancesAfterBackupRestoration (16ms)
Platform modules already initialized, skipping
========================================================================
Worker process is ready to serve import requests
Launched and connected shader compiler UnityShaderCompiler.exe after 0.28 seconds
Refreshing native plugins compatible for Editor in 1.09 ms, found 3 plugins.
Preloading 0 native plugins for Editor in 0.00 ms.
Unloading 2272 Unused Serialized files (Serialized files now loaded: 0)
System memory in use before: 98.4 MB.
System memory in use after: 98.5 MB.

Unloading 31 unused Assets to reduce memory usage. Loaded Objects now: 2705.
Total: 5.664200 ms (FindLiveObjects: 0.262900 ms CreateObjectMapping: 0.173300 ms MarkObjects: 5.032800 ms  DeleteObjects: 0.194100 ms)

AssetImportParameters requested are different than current active one (requested -> active):
  custom:framework-win-MediaFoundation: 216162199b28c13a410421893ffa2e32 -> 
  custom:video-decoder-ogg-theora: a1e56fd34408186e4bbccfd4996cb3dc -> 
  custom:container-muxer-webm: aa71ff27fc2769a1b78a27578f13a17b -> 
  custom:container-demuxer-webm: 4f35f7cbe854078d1ac9338744f61a02 -> 
  custom:container-demuxer-ogg: 62fdf1f143b41e24485cea50d1cbac27 -> 
  custom:video-encoder-webm-vp8: eb34c28f22e8b96e1ab97ce403110664 -> 
  custom:video-decoder-webm-vp8: 9c59270c3fd7afecdb556c50c9e8de78 -> 
  custom:audio-decoder-ogg-vorbis: bf7c407c2cedff20999df2af8eb42d56 -> 
  custom:audio-encoder-webm-vorbis: bf7c407c2cedff20999df2af8eb42d56 -> 
========================================================================
Received Import Request.
  path: Assets/Scenes/New Physics Material 2D.physicsMaterial2D
  artifactKey: Guid(ad5426e4b88024e47a991e95cce392be) Importer(815301076,1909f56bfc062723c751e8b465ee728b)
Start importing Assets/Scenes/New Physics Material 2D.physicsMaterial2D using Guid(ad5426e4b88024e47a991e95cce392be) Importer(815301076,1909f56bfc062723c751e8b465ee728b)  -> (artifact id: '92f88fb18d97b04f23025f9d5a52664e') in 0.121186 seconds 
========================================================================
Received Import Request.
  Time since last request: 18.640604 seconds.
  path: Assets/Scenes/prologue.unity
  artifactKey: Guid(4fe77d6d6a9a48c40a54bb88c5dd0b81) Importer(815301076,1909f56bfc062723c751e8b465ee728b)
Start importing Assets/Scenes/prologue.unity using Guid(4fe77d6d6a9a48c40a54bb88c5dd0b81) Importer(815301076,1909f56bfc062723c751e8b465ee728b)  -> (artifact id: '61129a7a96fb11bfeaa98880d7372adb') in 0.010768 seconds 
========================================================================
Received Import Request.
  Time since last request: 6.197970 seconds.
  path: Assets/Scenes/levelchoice/chooselevel1.unity
  artifactKey: Guid(16c25372a0b80eb49beeda7b91c177a4) Importer(815301076,1909f56bfc062723c751e8b465ee728b)
Start importing Assets/Scenes/levelchoice/chooselevel1.unity using Guid(16c25372a0b80eb49beeda7b91c177a4) Importer(815301076,1909f56bfc062723c751e8b465ee728b)  -> (artifact id: '120aea4a1240502609db974e4113708f') in 0.007811 seconds 
========================================================================
Received Prepare
Refreshing native plugins compatible for Editor in 7.32 ms, found 3 plugins.
Preloading 0 native plugins for Editor in 0.00 ms.
Unloading 18 Unused Serialized files (Serialized files now loaded: 0)
System memory in use before: 53.5 MB.
System memory in use after: 53.5 MB.

Unloading 18 unused Assets to reduce memory usage. Loaded Objects now: 2705.
Total: 5.186600 ms (FindLiveObjects: 0.293900 ms CreateObjectMapping: 0.140900 ms MarkObjects: 4.551600 ms  DeleteObjects: 0.198600 ms)

AssetImportParameters requested are different than current active one (requested -> active):
  custom:framework-win-MediaFoundation: 216162199b28c13a410421893ffa2e32 -> 
  custom:video-decoder-ogg-theora: a1e56fd34408186e4bbccfd4996cb3dc -> 
  custom:container-muxer-webm: aa71ff27fc2769a1b78a27578f13a17b -> 
  custom:container-demuxer-webm: 4f35f7cbe854078d1ac9338744f61a02 -> 
  custom:container-demuxer-ogg: 62fdf1f143b41e24485cea50d1cbac27 -> 
  custom:video-encoder-webm-vp8: eb34c28f22e8b96e1ab97ce403110664 -> 
  custom:video-decoder-webm-vp8: 9c59270c3fd7afecdb556c50c9e8de78 -> 
  custom:audio-decoder-ogg-vorbis: bf7c407c2cedff20999df2af8eb42d56 -> 
  custom:audio-encoder-webm-vorbis: bf7c407c2cedff20999df2af8eb42d56 -> 
========================================================================
Received Import Request.
  Time since last request: 7.384251 seconds.
  path: Assets/Scenes/levelchoice/chooselevel2.unity
  artifactKey: Guid(d6d57df475eca184f98dbf17d44b7abd) Importer(815301076,1909f56bfc062723c751e8b465ee728b)
Start importing Assets/Scenes/levelchoice/chooselevel2.unity using Guid(d6d57df475eca184f98dbf17d44b7abd) Importer(815301076,1909f56bfc062723c751e8b465ee728b)  -> (artifact id: '7ce7c6aad5fc52038e781cf276ea5581') in 0.014830 seconds 
========================================================================
Received Import Request.
  Time since last request: 5.396011 seconds.
  path: Assets/Scenes/levelchoice/chooselevel3.unity
  artifactKey: Guid(b831cad8ecd67c045bd039a1eedf6ead) Importer(815301076,1909f56bfc062723c751e8b465ee728b)
Start importing Assets/Scenes/levelchoice/chooselevel3.unity using Guid(b831cad8ecd67c045bd039a1eedf6ead) Importer(815301076,1909f56bfc062723c751e8b465ee728b)  -> (artifact id: '46229cd7f743f7220ff51530fab6170b') in 0.008673 seconds 
========================================================================
Received Import Request.
  Time since last request: 1.779670 seconds.
  path: Assets/Scenes/levelchoice/chooselevelboss.unity
  artifactKey: Guid(7b82e7661da12cb49b6534f0ca04c4d5) Importer(815301076,1909f56bfc062723c751e8b465ee728b)
Start importing Assets/Scenes/levelchoice/chooselevelboss.unity using Guid(7b82e7661da12cb49b6534f0ca04c4d5) Importer(815301076,1909f56bfc062723c751e8b465ee728b)  -> (artifact id: '3fbef04966e103ce7aeacdd45f25bbb9') in 0.010685 seconds 
========================================================================
Received Import Request.
  Time since last request: 3.344740 seconds.
  path: Assets/Scenes/levelchoice/chooselevel2.unity
  artifactKey: Guid(d6d57df475eca184f98dbf17d44b7abd) Importer(815301076,1909f56bfc062723c751e8b465ee728b)
Start importing Assets/Scenes/levelchoice/chooselevel2.unity using Guid(d6d57df475eca184f98dbf17d44b7abd) Importer(815301076,1909f56bfc062723c751e8b465ee728b)  -> (artifact id: '8eaa1575a1f779844894682e774def9d') in 0.003874 seconds 
========================================================================
Received Import Request.
  Time since last request: 0.417405 seconds.
  path: Assets/Scenes/levelchoice/chooselast.unity
  artifactKey: Guid(eecd5fe43d45e344c94b45bb05e4cd23) Importer(815301076,1909f56bfc062723c751e8b465ee728b)
Start importing Assets/Scenes/levelchoice/chooselast.unity using Guid(eecd5fe43d45e344c94b45bb05e4cd23) Importer(815301076,1909f56bfc062723c751e8b465ee728b)  -> (artifact id: '439118f24a3510bb867c7dedc51a1e01') in 0.019140 seconds 
========================================================================
Received Import Request.
  Time since last request: 10.602144 seconds.
  path: Assets/Scenes/gameover/s1gameover.unity
  artifactKey: Guid(56de79ead81eb7045bd73c7a4f5c4817) Importer(815301076,1909f56bfc062723c751e8b465ee728b)
Start importing Assets/Scenes/gameover/s1gameover.unity using Guid(56de79ead81eb7045bd73c7a4f5c4817) Importer(815301076,1909f56bfc062723c751e8b465ee728b)  -> (artifact id: '94ab2cd419162122f553175ab0737fbb') in 0.012930 seconds 
========================================================================
Received Import Request.
  Time since last request: 2.261618 seconds.
  path: Assets/Scenes/gameover/s2gameover.unity
  artifactKey: Guid(347e2512d8a316e43bb141e160b05b92) Importer(815301076,1909f56bfc062723c751e8b465ee728b)
Start importing Assets/Scenes/gameover/s2gameover.unity using Guid(347e2512d8a316e43bb141e160b05b92) Importer(815301076,1909f56bfc062723c751e8b465ee728b)  -> (artifact id: 'e2d6d3bb25f5a44a6af2ffba9b3af86c') in 0.012487 seconds 
========================================================================
Received Import Request.
  Time since last request: 1.034713 seconds.
  path: Assets/Scenes/gameover/s3gameover.unity
  artifactKey: Guid(fe4f0d7731b6ed64b9151d9a30efa89c) Importer(815301076,1909f56bfc062723c751e8b465ee728b)
Start importing Assets/Scenes/gameover/s3gameover.unity using Guid(fe4f0d7731b6ed64b9151d9a30efa89c) Importer(815301076,1909f56bfc062723c751e8b465ee728b)  -> (artifact id: '0823c7202d2cc53ba136afb7381ca02f') in 0.010085 seconds 
========================================================================
Received Import Request.
  Time since last request: 0.536595 seconds.
  path: Assets/Scenes/gameover/worstgameover.unity
  artifactKey: Guid(d71992ff06a55d1449ad4b0b3d525a79) Importer(815301076,1909f56bfc062723c751e8b465ee728b)
Start importing Assets/Scenes/gameover/worstgameover.unity using Guid(d71992ff06a55d1449ad4b0b3d525a79) Importer(815301076,1909f56bfc062723c751e8b465ee728b)  -> (artifact id: 'dae873be7ba167d5e58743617602e5cd') in 0.014415 seconds 
========================================================================
Received Import Request.
  Time since last request: 4.280277 seconds.
  path: Assets/Scenes/clearscene/bossclearLast.unity
  artifactKey: Guid(b2fe3a720db89dd4dbdb88bd8d53dc8b) Importer(815301076,1909f56bfc062723c751e8b465ee728b)
Start importing Assets/Scenes/clearscene/bossclearLast.unity using Guid(b2fe3a720db89dd4dbdb88bd8d53dc8b) Importer(815301076,1909f56bfc062723c751e8b465ee728b)  -> (artifact id: '070d5e99869a010be2641f0e1a91eb58') in 0.012497 seconds 
========================================================================
Received Import Request.
  Time since last request: 1.177297 seconds.
  path: Assets/Scenes/clearscene/stage1clear.unity
  artifactKey: Guid(eaec803405bc14b48a0d437d9eebbe37) Importer(815301076,1909f56bfc062723c751e8b465ee728b)
Start importing Assets/Scenes/clearscene/stage1clear.unity using Guid(eaec803405bc14b48a0d437d9eebbe37) Importer(815301076,1909f56bfc062723c751e8b465ee728b)  -> (artifact id: 'f6bf2c0a54123507542f99d6a98a6298') in 0.015257 seconds 
========================================================================
Received Import Request.
  Time since last request: 0.827574 seconds.
  path: Assets/Scenes/clearscene/stage2clear.unity
  artifactKey: Guid(5bcaedb2c829cc541a806b522a5aa304) Importer(815301076,1909f56bfc062723c751e8b465ee728b)
Start importing Assets/Scenes/clearscene/stage2clear.unity using Guid(5bcaedb2c829cc541a806b522a5aa304) Importer(815301076,1909f56bfc062723c751e8b465ee728b)  -> (artifact id: 'db98ebd2aeb851bdb919a005d36bbc77') in 0.008586 seconds 
========================================================================
Received Import Request.
  Time since last request: 0.455998 seconds.
  path: Assets/Scenes/clearscene/stage3clear.unity
  artifactKey: Guid(d9d227deae191ab43ab12238b0b35208) Importer(815301076,1909f56bfc062723c751e8b465ee728b)
Start importing Assets/Scenes/clearscene/stage3clear.unity using Guid(d9d227deae191ab43ab12238b0b35208) Importer(815301076,1909f56bfc062723c751e8b465ee728b)  -> (artifact id: 'ae560171ef3e2702eec5a88b68b2c073') in 0.014914 seconds 
========================================================================
Received Import Request.
  Time since last request: 29.637311 seconds.
  path: Assets/Scenes/gamestart.unity
  artifactKey: Guid(9f9049d4581324e4d9bad3455b4f4e93) Importer(815301076,1909f56bfc062723c751e8b465ee728b)
Start importing Assets/Scenes/gamestart.unity using Guid(9f9049d4581324e4d9bad3455b4f4e93) Importer(815301076,1909f56bfc062723c751e8b465ee728b)  -> (artifact id: '8080dd75aecc9d0f0032c6a2ffe2e523') in 0.012458 seconds 
========================================================================
Received Prepare
Registering precompiled user dll's ...
Registered in 0.012334 seconds.
Begin MonoManager ReloadAssembly
Native extension for WindowsStandalone target not found
Native extension for WebGL target not found
Refreshing native plugins compatible for Editor in 1.20 ms, found 3 plugins.
Preloading 0 native plugins for Editor in 0.00 ms.
Mono: successfully reloaded assembly
- Completed reload, in  2.481 seconds
Domain Reload Profiling:
	ReloadAssembly (2482ms)
		BeginReloadAssembly (276ms)
			ExecutionOrderSort (0ms)
			DisableScriptedObjects (16ms)
			BackupInstance (0ms)
			ReleaseScriptingObjects (0ms)
			CreateAndSetChildDomain (84ms)
		EndReloadAssembly (2088ms)
			LoadAssemblies (255ms)
			RebuildTransferFunctionScriptingTraits (0ms)
			SetupTypeCache (684ms)
			ReleaseScriptCaches (5ms)
			RebuildScriptCaches (152ms)
			SetupLoadedEditorAssemblies (704ms)
				LogAssemblyErrors (0ms)
				InitializePlatformSupportModulesInManaged (11ms)
				SetLoadedEditorAssemblies (2ms)
				RefreshPlugins (1ms)
				BeforeProcessingInitializeOnLoad (139ms)
				ProcessInitializeOnLoadAttributes (522ms)
				ProcessInitializeOnLoadMethodAttributes (25ms)
				AfterProcessingInitializeOnLoad (4ms)
				EditorAssembliesLoaded (0ms)
			ExecutionOrderSort2 (0ms)
			AwakeInstancesAfterBackupRestoration (20ms)
Platform modules already initialized, skipping
Refreshing native plugins compatible for Editor in 1.35 ms, found 3 plugins.
Preloading 0 native plugins for Editor in 0.00 ms.
Unloading 2267 Unused Serialized files (Serialized files now loaded: 0)
System memory in use before: 98.5 MB.
System memory in use after: 98.5 MB.

Unloading 20 unused Assets to reduce memory usage. Loaded Objects now: 2707.
Total: 5.305800 ms (FindLiveObjects: 0.630500 ms CreateObjectMapping: 0.159300 ms MarkObjects: 4.336700 ms  DeleteObjects: 0.178100 ms)

AssetImportParameters requested are different than current active one (requested -> active):
  custom:framework-win-MediaFoundation: 216162199b28c13a410421893ffa2e32 -> 
  custom:video-decoder-ogg-theora: a1e56fd34408186e4bbccfd4996cb3dc -> 
  custom:container-muxer-webm: aa71ff27fc2769a1b78a27578f13a17b -> 
  custom:container-demuxer-webm: 4f35f7cbe854078d1ac9338744f61a02 -> 
  custom:container-demuxer-ogg: 62fdf1f143b41e24485cea50d1cbac27 -> 
  custom:video-encoder-webm-vp8: eb34c28f22e8b96e1ab97ce403110664 -> 
  custom:video-decoder-webm-vp8: 9c59270c3fd7afecdb556c50c9e8de78 -> 
  custom:audio-decoder-ogg-vorbis: bf7c407c2cedff20999df2af8eb42d56 -> 
  custom:audio-encoder-webm-vorbis: bf7c407c2cedff20999df2af8eb42d56 -> 
========================================================================
Received Import Request.
  Time since last request: 318.057195 seconds.
  path: Assets/Scenes/level/level2.unity
  artifactKey: Guid(e9c8cec67f960df47b36714bee088740) Importer(815301076,1909f56bfc062723c751e8b465ee728b)
Start importing Assets/Scenes/level/level2.unity using Guid(e9c8cec67f960df47b36714bee088740) Importer(815301076,1909f56bfc062723c751e8b465ee728b)  -> (artifact id: 'c496d39c3760915eda5538a36d7f87a6') in 0.231878 seconds 
========================================================================
Received Import Request.
  Time since last request: 2.167511 seconds.
  path: Assets/Scenes/level/level3.unity
  artifactKey: Guid(e7ab1cc0d94475640950b981da68b631) Importer(815301076,1909f56bfc062723c751e8b465ee728b)
Start importing Assets/Scenes/level/level3.unity using Guid(e7ab1cc0d94475640950b981da68b631) Importer(815301076,1909f56bfc062723c751e8b465ee728b)  -> (artifact id: '5f70e2f81979ad6a43d31c14fcca21ca') in 0.013479 seconds 
========================================================================
Received Prepare
Registering precompiled user dll's ...
Registered in 0.015945 seconds.
Begin MonoManager ReloadAssembly
Native extension for WindowsStandalone target not found
Native extension for WebGL target not found
Refreshing native plugins compatible for Editor in 1.77 ms, found 3 plugins.
Preloading 0 native plugins for Editor in 0.00 ms.
Mono: successfully reloaded assembly
- Completed reload, in  2.710 seconds
Domain Reload Profiling:
	ReloadAssembly (2714ms)
		BeginReloadAssembly (486ms)
			ExecutionOrderSort (0ms)
			DisableScriptedObjects (39ms)
			BackupInstance (0ms)
			ReleaseScriptingObjects (0ms)
			CreateAndSetChildDomain (202ms)
		EndReloadAssembly (2078ms)
			LoadAssemblies (327ms)
			RebuildTransferFunctionScriptingTraits (0ms)
			SetupTypeCache (785ms)
			ReleaseScriptCaches (3ms)
			RebuildScriptCaches (116ms)
			SetupLoadedEditorAssemblies (695ms)
				LogAssemblyErrors (0ms)
				InitializePlatformSupportModulesInManaged (12ms)
				SetLoadedEditorAssemblies (1ms)
				RefreshPlugins (2ms)
				BeforeProcessingInitializeOnLoad (134ms)
				ProcessInitializeOnLoadAttributes (514ms)
				ProcessInitializeOnLoadMethodAttributes (27ms)
				AfterProcessingInitializeOnLoad (4ms)
				EditorAssembliesLoaded (0ms)
			ExecutionOrderSort2 (0ms)
			AwakeInstancesAfterBackupRestoration (19ms)
Platform modules already initialized, skipping
Refreshing native plugins compatible for Editor in 2.74 ms, found 3 plugins.
Preloading 0 native plugins for Editor in 0.00 ms.
Unloading 2267 Unused Serialized files (Serialized files now loaded: 0)
System memory in use before: 98.6 MB.
System memory in use after: 98.5 MB.

Unloading 20 unused Assets to reduce memory usage. Loaded Objects now: 2709.
Total: 7.979200 ms (FindLiveObjects: 0.429200 ms CreateObjectMapping: 0.269300 ms MarkObjects: 6.976200 ms  DeleteObjects: 0.302500 ms)

AssetImportParameters requested are different than current active one (requested -> active):
  custom:framework-win-MediaFoundation: 216162199b28c13a410421893ffa2e32 -> 
  custom:video-decoder-ogg-theora: a1e56fd34408186e4bbccfd4996cb3dc -> 
  custom:container-muxer-webm: aa71ff27fc2769a1b78a27578f13a17b -> 
  custom:container-demuxer-webm: 4f35f7cbe854078d1ac9338744f61a02 -> 
  custom:container-demuxer-ogg: 62fdf1f143b41e24485cea50d1cbac27 -> 
  custom:video-encoder-webm-vp8: eb34c28f22e8b96e1ab97ce403110664 -> 
  custom:video-decoder-webm-vp8: 9c59270c3fd7afecdb556c50c9e8de78 -> 
  custom:audio-decoder-ogg-vorbis: bf7c407c2cedff20999df2af8eb42d56 -> 
  custom:audio-encoder-webm-vorbis: bf7c407c2cedff20999df2af8eb42d56 -> 
========================================================================
Received Prepare
Registering precompiled user dll's ...
Registered in 0.010001 seconds.
Begin MonoManager ReloadAssembly
Native extension for WindowsStandalone target not found
Native extension for WebGL target not found
Refreshing native plugins compatible for Editor in 1.08 ms, found 3 plugins.
Preloading 0 native plugins for Editor in 0.00 ms.
Mono: successfully reloaded assembly
- Completed reload, in  2.664 seconds
Domain Reload Profiling:
	ReloadAssembly (2665ms)
		BeginReloadAssembly (277ms)
			ExecutionOrderSort (0ms)
			DisableScriptedObjects (16ms)
			BackupInstance (0ms)
			ReleaseScriptingObjects (0ms)
			CreateAndSetChildDomain (89ms)
		EndReloadAssembly (2253ms)
			LoadAssemblies (283ms)
			RebuildTransferFunctionScriptingTraits (0ms)
			SetupTypeCache (878ms)
			ReleaseScriptCaches (2ms)
			RebuildScriptCaches (108ms)
			SetupLoadedEditorAssemblies (716ms)
				LogAssemblyErrors (0ms)
				InitializePlatformSupportModulesInManaged (13ms)
				SetLoadedEditorAssemblies (2ms)
				RefreshPlugins (1ms)
				BeforeProcessingInitializeOnLoad (142ms)
				ProcessInitializeOnLoadAttributes (526ms)
				ProcessInitializeOnLoadMethodAttributes (25ms)
				AfterProcessingInitializeOnLoad (5ms)
				EditorAssembliesLoaded (1ms)
			ExecutionOrderSort2 (0ms)
			AwakeInstancesAfterBackupRestoration (20ms)
Platform modules already initialized, skipping
Refreshing native plugins compatible for Editor in 0.88 ms, found 3 plugins.
Preloading 0 native plugins for Editor in 0.00 ms.
Unloading 2267 Unused Serialized files (Serialized files now loaded: 0)
System memory in use before: 98.7 MB.
System memory in use after: 98.6 MB.

Unloading 20 unused Assets to reduce memory usage. Loaded Objects now: 2711.
Total: 6.407300 ms (FindLiveObjects: 0.333500 ms CreateObjectMapping: 0.231400 ms MarkObjects: 5.653500 ms  DeleteObjects: 0.186800 ms)

AssetImportParameters requested are different than current active one (requested -> active):
  custom:framework-win-MediaFoundation: 216162199b28c13a410421893ffa2e32 -> 
  custom:video-decoder-ogg-theora: a1e56fd34408186e4bbccfd4996cb3dc -> 
  custom:container-muxer-webm: aa71ff27fc2769a1b78a27578f13a17b -> 
  custom:container-demuxer-webm: 4f35f7cbe854078d1ac9338744f61a02 -> 
  custom:container-demuxer-ogg: 62fdf1f143b41e24485cea50d1cbac27 -> 
  custom:video-encoder-webm-vp8: eb34c28f22e8b96e1ab97ce403110664 -> 
  custom:video-decoder-webm-vp8: 9c59270c3fd7afecdb556c50c9e8de78 -> 
  custom:audio-decoder-ogg-vorbis: bf7c407c2cedff20999df2af8eb42d56 -> 
  custom:audio-encoder-webm-vorbis: bf7c407c2cedff20999df2af8eb42d56 -> 
========================================================================
Received Import Request.
  Time since last request: 113.714567 seconds.
  path: Assets/Scenes/level/levelboss.unity
  artifactKey: Guid(e1a1d117e5303d84a9476828593ab0df) Importer(815301076,1909f56bfc062723c751e8b465ee728b)
Start importing Assets/Scenes/level/levelboss.unity using Guid(e1a1d117e5303d84a9476828593ab0df) Importer(815301076,1909f56bfc062723c751e8b465ee728b)  -> (artifact id: '1670cdee0a8d449087f8e32dd90a8ea3') in 0.032894 seconds 
========================================================================
Received Prepare
Registering precompiled user dll's ...
Registered in 0.009580 seconds.
Begin MonoManager ReloadAssembly
Native extension for WindowsStandalone target not found
Native extension for WebGL target not found
Refreshing native plugins compatible for Editor in 1.35 ms, found 3 plugins.
Preloading 0 native plugins for Editor in 0.00 ms.
Mono: successfully reloaded assembly
- Completed reload, in  2.195 seconds
Domain Reload Profiling:
	ReloadAssembly (2196ms)
		BeginReloadAssembly (245ms)
			ExecutionOrderSort (0ms)
			DisableScriptedObjects (15ms)
			BackupInstance (0ms)
			ReleaseScriptingObjects (0ms)
			CreateAndSetChildDomain (77ms)
		EndReloadAssembly (1824ms)
			LoadAssemblies (239ms)
			RebuildTransferFunctionScriptingTraits (0ms)
			SetupTypeCache (641ms)
			ReleaseScriptCaches (2ms)
			RebuildScriptCaches (101ms)
			SetupLoadedEditorAssemblies (629ms)
				LogAssemblyErrors (0ms)
				InitializePlatformSupportModulesInManaged (15ms)
				SetLoadedEditorAssemblies (1ms)
				RefreshPlugins (2ms)
				BeforeProcessingInitializeOnLoad (136ms)
				ProcessInitializeOnLoadAttributes (449ms)
				ProcessInitializeOnLoadMethodAttributes (22ms)
				AfterProcessingInitializeOnLoad (4ms)
				EditorAssembliesLoaded (0ms)
			ExecutionOrderSort2 (0ms)
			AwakeInstancesAfterBackupRestoration (20ms)
Platform modules already initialized, skipping
Refreshing native plugins compatible for Editor in 0.82 ms, found 3 plugins.
Preloading 0 native plugins for Editor in 0.00 ms.
Unloading 2267 Unused Serialized files (Serialized files now loaded: 0)
System memory in use before: 98.7 MB.
System memory in use after: 98.8 MB.

Unloading 20 unused Assets to reduce memory usage. Loaded Objects now: 2713.
Total: 5.181500 ms (FindLiveObjects: 0.375400 ms CreateObjectMapping: 0.193400 ms MarkObjects: 4.434800 ms  DeleteObjects: 0.176600 ms)

AssetImportParameters requested are different than current active one (requested -> active):
  custom:framework-win-MediaFoundation: 216162199b28c13a410421893ffa2e32 -> 
  custom:video-decoder-ogg-theora: a1e56fd34408186e4bbccfd4996cb3dc -> 
  custom:container-muxer-webm: aa71ff27fc2769a1b78a27578f13a17b -> 
  custom:container-demuxer-webm: 4f35f7cbe854078d1ac9338744f61a02 -> 
  custom:container-demuxer-ogg: 62fdf1f143b41e24485cea50d1cbac27 -> 
  custom:video-encoder-webm-vp8: eb34c28f22e8b96e1ab97ce403110664 -> 
  custom:video-decoder-webm-vp8: 9c59270c3fd7afecdb556c50c9e8de78 -> 
  custom:audio-decoder-ogg-vorbis: bf7c407c2cedff20999df2af8eb42d56 -> 
  custom:audio-encoder-webm-vorbis: bf7c407c2cedff20999df2af8eb42d56 -> 
========================================================================
Received Import Request.
  Time since last request: 51.866452 seconds.
  path: Assets/Scenes/level/level1.unity
  artifactKey: Guid(194881a748b7a1e4785d60333f8dd7b8) Importer(815301076,1909f56bfc062723c751e8b465ee728b)
Start importing Assets/Scenes/level/level1.unity using Guid(194881a748b7a1e4785d60333f8dd7b8) Importer(815301076,1909f56bfc062723c751e8b465ee728b)  -> (artifact id: 'a0556df9a73a2492fb31d5a744a17c17') in 0.079981 seconds 
========================================================================
Received Import Request.
  Time since last request: 6.139577 seconds.
  path: Assets/Scenes/clearbonus/stage1bonus.unity
  artifactKey: Guid(cb733cbabb78dff4fb108252631602d6) Importer(815301076,1909f56bfc062723c751e8b465ee728b)
Start importing Assets/Scenes/clearbonus/stage1bonus.unity using Guid(cb733cbabb78dff4fb108252631602d6) Importer(815301076,1909f56bfc062723c751e8b465ee728b)  -> (artifact id: '823beac00f31b27dcce1972fe8548c62') in 0.016177 seconds 
========================================================================
Received Import Request.
  Time since last request: 0.905341 seconds.
  path: Assets/Scenes/clearbonus/stage2bonus.unity
  artifactKey: Guid(aeebcbdd2f060ed45b24af2fb7eeb2ba) Importer(815301076,1909f56bfc062723c751e8b465ee728b)
Start importing Assets/Scenes/clearbonus/stage2bonus.unity using Guid(aeebcbdd2f060ed45b24af2fb7eeb2ba) Importer(815301076,1909f56bfc062723c751e8b465ee728b)  -> (artifact id: '607ef45132cbfbde17aea29cfbe069bc') in 0.014593 seconds 
========================================================================
Received Prepare
Registering precompiled user dll's ...
Registered in 0.009451 seconds.
Begin MonoManager ReloadAssembly
Native extension for WindowsStandalone target not found
Native extension for WebGL target not found
Refreshing native plugins compatible for Editor in 1.47 ms, found 3 plugins.
Preloading 0 native plugins for Editor in 0.00 ms.
Mono: successfully reloaded assembly
- Completed reload, in  2.876 seconds
Domain Reload Profiling:
	ReloadAssembly (2877ms)
		BeginReloadAssembly (420ms)
			ExecutionOrderSort (0ms)
			DisableScriptedObjects (19ms)
			BackupInstance (0ms)
			ReleaseScriptingObjects (0ms)
			CreateAndSetChildDomain (185ms)
		EndReloadAssembly (2306ms)
			LoadAssemblies (305ms)
			RebuildTransferFunctionScriptingTraits (0ms)
			SetupTypeCache (915ms)
			ReleaseScriptCaches (2ms)
			RebuildScriptCaches (133ms)
			SetupLoadedEditorAssemblies (713ms)
				LogAssemblyErrors (0ms)
				InitializePlatformSupportModulesInManaged (14ms)
				SetLoadedEditorAssemblies (1ms)
				RefreshPlugins (2ms)
				BeforeProcessingInitializeOnLoad (143ms)
				ProcessInitializeOnLoadAttributes (522ms)
				ProcessInitializeOnLoadMethodAttributes (25ms)
				AfterProcessingInitializeOnLoad (6ms)
				EditorAssembliesLoaded (0ms)
			ExecutionOrderSort2 (0ms)
			AwakeInstancesAfterBackupRestoration (22ms)
Platform modules already initialized, skipping
Refreshing native plugins compatible for Editor in 1.12 ms, found 3 plugins.
Preloading 0 native plugins for Editor in 0.00 ms.
Unloading 2267 Unused Serialized files (Serialized files now loaded: 0)
System memory in use before: 98.6 MB.
System memory in use after: 98.7 MB.

Unloading 20 unused Assets to reduce memory usage. Loaded Objects now: 2715.
Total: 6.052800 ms (FindLiveObjects: 0.321100 ms CreateObjectMapping: 0.164100 ms MarkObjects: 5.255200 ms  DeleteObjects: 0.311100 ms)

AssetImportParameters requested are different than current active one (requested -> active):
  custom:framework-win-MediaFoundation: 216162199b28c13a410421893ffa2e32 -> 
  custom:video-decoder-ogg-theora: a1e56fd34408186e4bbccfd4996cb3dc -> 
  custom:container-muxer-webm: aa71ff27fc2769a1b78a27578f13a17b -> 
  custom:container-demuxer-webm: 4f35f7cbe854078d1ac9338744f61a02 -> 
  custom:container-demuxer-ogg: 62fdf1f143b41e24485cea50d1cbac27 -> 
  custom:video-encoder-webm-vp8: eb34c28f22e8b96e1ab97ce403110664 -> 
  custom:video-decoder-webm-vp8: 9c59270c3fd7afecdb556c50c9e8de78 -> 
  custom:audio-decoder-ogg-vorbis: bf7c407c2cedff20999df2af8eb42d56 -> 
  custom:audio-encoder-webm-vorbis: bf7c407c2cedff20999df2af8eb42d56 -> 
========================================================================
Received Prepare
Registering precompiled user dll's ...
Registered in 0.006522 seconds.
Begin MonoManager ReloadAssembly
Native extension for WindowsStandalone target not found
Native extension for WebGL target not found
Refreshing native plugins compatible for Editor in 2.57 ms, found 3 plugins.
Preloading 0 native plugins for Editor in 0.00 ms.
Mono: successfully reloaded assembly
- Completed reload, in  4.242 seconds
Domain Reload Profiling:
	ReloadAssembly (4243ms)
		BeginReloadAssembly (1132ms)
			ExecutionOrderSort (0ms)
			DisableScriptedObjects (39ms)
			BackupInstance (0ms)
			ReleaseScriptingObjects (2ms)
			CreateAndSetChildDomain (107ms)
		EndReloadAssembly (2588ms)
			LoadAssemblies (1301ms)
			RebuildTransferFunctionScriptingTraits (0ms)
			SetupTypeCache (859ms)
			ReleaseScriptCaches (14ms)
			RebuildScriptCaches (136ms)
			SetupLoadedEditorAssemblies (778ms)
				LogAssemblyErrors (0ms)
				InitializePlatformSupportModulesInManaged (15ms)
				SetLoadedEditorAssemblies (4ms)
				RefreshPlugins (3ms)
				BeforeProcessingInitializeOnLoad (134ms)
				ProcessInitializeOnLoadAttributes (589ms)
				ProcessInitializeOnLoadMethodAttributes (27ms)
				AfterProcessingInitializeOnLoad (6ms)
				EditorAssembliesLoaded (0ms)
			ExecutionOrderSort2 (0ms)
			AwakeInstancesAfterBackupRestoration (29ms)
Platform modules already initialized, skipping
Refreshing native plugins compatible for Editor in 1.57 ms, found 3 plugins.
Preloading 0 native plugins for Editor in 0.00 ms.
Unloading 2267 Unused Serialized files (Serialized files now loaded: 0)
System memory in use before: 98.7 MB.
System memory in use after: 98.8 MB.

Unloading 20 unused Assets to reduce memory usage. Loaded Objects now: 2717.
Total: 13.040100 ms (FindLiveObjects: 0.473200 ms CreateObjectMapping: 0.338800 ms MarkObjects: 11.740400 ms  DeleteObjects: 0.485600 ms)

AssetImportParameters requested are different than current active one (requested -> active):
  custom:framework-win-MediaFoundation: 216162199b28c13a410421893ffa2e32 -> 
  custom:video-decoder-ogg-theora: a1e56fd34408186e4bbccfd4996cb3dc -> 
  custom:container-muxer-webm: aa71ff27fc2769a1b78a27578f13a17b -> 
  custom:container-demuxer-webm: 4f35f7cbe854078d1ac9338744f61a02 -> 
  custom:container-demuxer-ogg: 62fdf1f143b41e24485cea50d1cbac27 -> 
  custom:video-encoder-webm-vp8: eb34c28f22e8b96e1ab97ce403110664 -> 
  custom:video-decoder-webm-vp8: 9c59270c3fd7afecdb556c50c9e8de78 -> 
  custom:audio-decoder-ogg-vorbis: bf7c407c2cedff20999df2af8eb42d56 -> 
  custom:audio-encoder-webm-vorbis: bf7c407c2cedff20999df2af8eb42d56 -> 
========================================================================
Received Import Request.
  Time since last request: 1893.604013 seconds.
  path: Assets/스크립트 모음
  artifactKey: Guid(b3797f5738a740148a3e25a4495bf53e) Importer(815301076,1909f56bfc062723c751e8b465ee728b)
Start importing Assets/스크립트 모음 using Guid(b3797f5738a740148a3e25a4495bf53e) Importer(815301076,1909f56bfc062723c751e8b465ee728b)  -> (artifact id: '4083862f7338a33743bf029ec8a19c5b') in 0.108058 seconds 
========================================================================
Received Import Request.
  Time since last request: 5.058440 seconds.
  path: Assets/bosskill.cs
  artifactKey: Guid(df9068726696ca940b3980540c6afedd) Importer(815301076,1909f56bfc062723c751e8b465ee728b)
Start importing Assets/bosskill.cs using Guid(df9068726696ca940b3980540c6afedd) Importer(815301076,1909f56bfc062723c751e8b465ee728b)  -> (artifact id: '5a6801f4526c87ab9cfab1f60d076f5b') in 0.440275 seconds 
========================================================================
Received Prepare
Registering precompiled user dll's ...
Registered in 0.004834 seconds.
Begin MonoManager ReloadAssembly
Native extension for WindowsStandalone target not found
Native extension for WebGL target not found
Refreshing native plugins compatible for Editor in 0.58 ms, found 3 plugins.
Preloading 0 native plugins for Editor in 0.00 ms.
Mono: successfully reloaded assembly
- Completed reload, in  1.687 seconds
Domain Reload Profiling:
	ReloadAssembly (1692ms)
		BeginReloadAssembly (325ms)
			ExecutionOrderSort (0ms)
			DisableScriptedObjects (25ms)
			BackupInstance (0ms)
			ReleaseScriptingObjects (0ms)
			CreateAndSetChildDomain (114ms)
		EndReloadAssembly (1255ms)
			LoadAssemblies (242ms)
			RebuildTransferFunctionScriptingTraits (0ms)
			SetupTypeCache (517ms)
			ReleaseScriptCaches (1ms)
			RebuildScriptCaches (67ms)
			SetupLoadedEditorAssemblies (345ms)
				LogAssemblyErrors (0ms)
				InitializePlatformSupportModulesInManaged (7ms)
				SetLoadedEditorAssemblies (1ms)
				RefreshPlugins (1ms)
				BeforeProcessingInitializeOnLoad (64ms)
				ProcessInitializeOnLoadAttributes (257ms)
				ProcessInitializeOnLoadMethodAttributes (13ms)
				AfterProcessingInitializeOnLoad (3ms)
				EditorAssembliesLoaded (0ms)
			ExecutionOrderSort2 (0ms)
			AwakeInstancesAfterBackupRestoration (11ms)
Platform modules already initialized, skipping
Refreshing native plugins compatible for Editor in 1.17 ms, found 3 plugins.
Preloading 0 native plugins for Editor in 0.00 ms.
Unloading 2267 Unused Serialized files (Serialized files now loaded: 0)
System memory in use before: 98.7 MB.
System memory in use after: 98.8 MB.

Unloading 20 unused Assets to reduce memory usage. Loaded Objects now: 2719.
Total: 5.762300 ms (FindLiveObjects: 0.276800 ms CreateObjectMapping: 0.143100 ms MarkObjects: 5.059600 ms  DeleteObjects: 0.280800 ms)

AssetImportParameters requested are different than current active one (requested -> active):
  custom:framework-win-MediaFoundation: 216162199b28c13a410421893ffa2e32 -> 
  custom:video-decoder-ogg-theora: a1e56fd34408186e4bbccfd4996cb3dc -> 
  custom:container-muxer-webm: aa71ff27fc2769a1b78a27578f13a17b -> 
  custom:container-demuxer-webm: 4f35f7cbe854078d1ac9338744f61a02 -> 
  custom:container-demuxer-ogg: 62fdf1f143b41e24485cea50d1cbac27 -> 
  custom:video-encoder-webm-vp8: eb34c28f22e8b96e1ab97ce403110664 -> 
  custom:video-decoder-webm-vp8: 9c59270c3fd7afecdb556c50c9e8de78 -> 
  custom:audio-decoder-ogg-vorbis: bf7c407c2cedff20999df2af8eb42d56 -> 
  custom:audio-encoder-webm-vorbis: bf7c407c2cedff20999df2af8eb42d56 -> 
AssetImportWorkerClient::OnTransportError - code=2 error=End of file
